[debug] [2021-06-02T22:33:04.970Z] ----------------------------------------------------------------------
[debug] [2021-06-02T22:33:04.973Z] Command:       C:\Program Files\nodejs\node.exe C:\Users\pityu\AppData\Roaming\npm\node_modules\firebase-tools\lib\bin\firebase.js emulators:start --only functions,firestore
[debug] [2021-06-02T22:33:04.973Z] CLI Version:   9.12.1
[debug] [2021-06-02T22:33:04.973Z] Platform:      win32
[debug] [2021-06-02T22:33:04.973Z] Node Version:  v15.14.0
[debug] [2021-06-02T22:33:04.975Z] Time:          Thu Jun 03 2021 00:33:04 GMT+0200 (Central European Summer Time)
[debug] [2021-06-02T22:33:04.975Z] ----------------------------------------------------------------------
[debug] 
[debug] [2021-06-02T22:33:04.985Z] > command requires scopes: ["email","openid","https://www.googleapis.com/auth/cloudplatformprojects.readonly","https://www.googleapis.com/auth/firebase","https://www.googleapis.com/auth/cloud-platform"]
[debug] [2021-06-02T22:33:04.985Z] > authorizing via signed-in user (pityuespetra@gmail.com)
[info] i  emulators: Starting emulators: functions, firestore {"metadata":{"emulator":{"name":"hub"},"message":"Starting emulators: functions, firestore"}}
[debug] [2021-06-02T22:33:05.026Z] [hub] writing locator at C:\Users\pityu\AppData\Local\Temp\hub-zal1000.json
[warn] !  functions: The following emulators are not running, calls to these services from the Functions emulator will affect production: auth, database, hosting, pubsub, storage {"metadata":{"emulator":{"name":"functions"},"message":"The following emulators are not running, calls to these services from the Functions emulator will affect production: \u001b[1mauth, database, hosting, pubsub, storage\u001b[22m"}}
[warn] !  Your requested "node" version "14" doesn't match your global version "15" {"metadata":{"emulator":{"name":"functions"},"message":"Your requested \"node\" version \"14\" doesn't match your global version \"15\""}}
[debug] [2021-06-02T22:33:05.071Z] defaultcredentials: writing to file C:\Users\pityu\AppData\Roaming\firebase\pityuespetra_gmail_com_application_default_credentials.json
[debug] [2021-06-02T22:33:05.073Z] Setting GAC to C:\Users\pityu\AppData\Roaming\firebase\pityuespetra_gmail_com_application_default_credentials.json {"metadata":{"emulator":{"name":"functions"},"message":"Setting GAC to C:\\Users\\pityu\\AppData\\Roaming\\firebase\\pityuespetra_gmail_com_application_default_credentials.json"}}
[debug] [2021-06-02T22:33:05.076Z] >>> [apiv2][query] GET https://firebase.googleapis.com/v1beta1/projects/zal1000/adminSdkConfig [none]
[debug] [2021-06-02T22:33:05.606Z] <<< [apiv2][status] GET https://firebase.googleapis.com/v1beta1/projects/zal1000/adminSdkConfig 200
[debug] [2021-06-02T22:33:05.606Z] <<< [apiv2][body] GET https://firebase.googleapis.com/v1beta1/projects/zal1000/adminSdkConfig {"projectId":"zal1000","databaseURL":"https://zal1000.firebaseio.com","storageBucket":"zal1000.appspot.com","locationId":"europe-west"}
[warn] !  firestore: Did not find a Cloud Firestore rules file specified in a firebase.json config file. {"metadata":{"emulator":{"name":"firestore"},"message":"Did not find a Cloud Firestore rules file specified in a firebase.json config file."}}
[warn] !  firestore: The emulator will default to allowing all reads and writes. Learn more about this option: https://firebase.google.com/docs/emulator-suite/install_and_configure#security_rules_configuration. {"metadata":{"emulator":{"name":"firestore"},"message":"The emulator will default to allowing all reads and writes. Learn more about this option: https://firebase.google.com/docs/emulator-suite/install_and_configure#security_rules_configuration."}}
[debug] [2021-06-02T22:33:05.620Z] Ignoring unsupported arg: projectId {"metadata":{"emulator":{"name":"firestore"},"message":"Ignoring unsupported arg: projectId"}}
[debug] [2021-06-02T22:33:05.620Z] Ignoring unsupported arg: auto_download {"metadata":{"emulator":{"name":"firestore"},"message":"Ignoring unsupported arg: auto_download"}}
[debug] [2021-06-02T22:33:05.620Z] Starting Firestore Emulator with command {"binary":"java","args":["-Dgoogle.cloud_firestore.debug_log_level=FINE","-Duser.language=en","-jar","C:\\Users\\pityu\\.cache\\firebase\\emulators\\cloud-firestore-emulator-v1.12.0.jar","--host","localhost","--port",8080,"--functions_emulator","localhost:5001"],"optionalArgs":["port","webchannel_port","host","rules","functions_emulator","seed_from_export"],"joinArgs":false} {"metadata":{"emulator":{"name":"firestore"},"message":"Starting Firestore Emulator with command {\"binary\":\"java\",\"args\":[\"-Dgoogle.cloud_firestore.debug_log_level=FINE\",\"-Duser.language=en\",\"-jar\",\"C:\\\\Users\\\\pityu\\\\.cache\\\\firebase\\\\emulators\\\\cloud-firestore-emulator-v1.12.0.jar\",\"--host\",\"localhost\",\"--port\",8080,\"--functions_emulator\",\"localhost:5001\"],\"optionalArgs\":[\"port\",\"webchannel_port\",\"host\",\"rules\",\"functions_emulator\",\"seed_from_export\"],\"joinArgs\":false}"}}
[info] i  firestore: Firestore Emulator logging to firestore-debug.log {"metadata":{"emulator":{"name":"firestore"},"message":"Firestore Emulator logging to \u001b[1mfirestore-debug.log\u001b[22m"}}
[debug] [2021-06-02T22:33:07.718Z] Ignoring unsupported arg: auto_download {"metadata":{"emulator":{"name":"ui"},"message":"Ignoring unsupported arg: auto_download"}}
[debug] [2021-06-02T22:33:07.718Z] Ignoring unsupported arg: port {"metadata":{"emulator":{"name":"ui"},"message":"Ignoring unsupported arg: port"}}
[debug] [2021-06-02T22:33:07.718Z] Starting Emulator UI with command {"binary":"node","args":["C:\\Users\\pityu\\.cache\\firebase\\emulators\\ui-v1.5.0\\server.bundle.js"],"optionalArgs":[],"joinArgs":false} {"metadata":{"emulator":{"name":"ui"},"message":"Starting Emulator UI with command {\"binary\":\"node\",\"args\":[\"C:\\\\Users\\\\pityu\\\\.cache\\\\firebase\\\\emulators\\\\ui-v1.5.0\\\\server.bundle.js\"],\"optionalArgs\":[],\"joinArgs\":false}"}}
[info] i  ui: Emulator UI logging to ui-debug.log {"metadata":{"emulator":{"name":"ui"},"message":"Emulator UI logging to \u001b[1mui-debug.log\u001b[22m"}}
[debug] [2021-06-02T22:33:07.893Z] Web / API server started at http://localhost:4000
 {"metadata":{"emulator":{"name":"ui"},"message":"Web / API server started at http://localhost:4000\n"}}
[info] i  functions: Watching "D:\Github\waik-hu\functions" for Cloud Functions... {"metadata":{"emulator":{"name":"functions"},"message":"Watching \"D:\\Github\\waik-hu\\functions\" for Cloud Functions..."}}
[debug] [2021-06-02T22:33:08.020Z] [worker-pool] addWorker(~diagnostic~) {"metadata":{"emulator":{"name":"functions"},"message":"[worker-pool] addWorker(~diagnostic~)"}}
[debug] [2021-06-02T22:33:08.020Z] [worker-pool] Adding worker with key ~diagnostic~, total=1 {"metadata":{"emulator":{"name":"functions"},"message":"[worker-pool] Adding worker with key ~diagnostic~, total=1"}}
[debug] [2021-06-02T22:33:08.021Z] [worker-pool] submitWork(triggerId=) {"metadata":{"emulator":{"name":"functions"},"message":"[worker-pool] submitWork(triggerId=)"}}
[debug] [2021-06-02T22:33:08.021Z] [worker-~diagnostic~-64f3941b-8a5d-40fb-be59-f886033a32d0]: Assigning socketPath: \\?\pipe\D:\Github\waik-hu\functions\21632 {"metadata":{"emulator":{"name":"functions"},"message":"[worker-~diagnostic~-64f3941b-8a5d-40fb-be59-f886033a32d0]: Assigning socketPath: \\\\?\\pipe\\D:\\Github\\waik-hu\\functions\\21632"}}
[debug] [2021-06-02T22:33:08.021Z] [worker-~diagnostic~-64f3941b-8a5d-40fb-be59-f886033a32d0]: BUSY {"metadata":{"emulator":{"name":"functions"},"message":"[worker-~diagnostic~-64f3941b-8a5d-40fb-be59-f886033a32d0]: BUSY"}}
[debug] [2021-06-02T22:33:08.286Z] [runtime-status] [21632] Functions runtime initialized. {"cwd":"D:\\Github\\waik-hu\\functions","node_version":"15.14.0"} {"metadata":{"emulator":{"name":"functions"},"message":"[runtime-status] [21632] Functions runtime initialized. {\"cwd\":\"D:\\\\Github\\\\waik-hu\\\\functions\",\"node_version\":\"15.14.0\"}"}}
[debug] [2021-06-02T22:33:08.287Z] [runtime-status] [21632] Disabled runtime features: undefined {"metadata":{"emulator":{"name":"functions"},"message":"[runtime-status] [21632] Disabled runtime features: undefined"}}
[debug] [2021-06-02T22:33:08.293Z] [runtime-status] [21632] Resolved module firebase-admin {"declared":true,"installed":true,"version":"9.9.0","resolution":"D:\\Github\\waik-hu\\functions\\node_modules\\firebase-admin\\lib\\index.js"} {"metadata":{"emulator":{"name":"functions"},"message":"[runtime-status] [21632] Resolved module firebase-admin {\"declared\":true,\"installed\":true,\"version\":\"9.9.0\",\"resolution\":\"D:\\\\Github\\\\waik-hu\\\\functions\\\\node_modules\\\\firebase-admin\\\\lib\\\\index.js\"}"}}
[debug] [2021-06-02T22:33:08.299Z] [runtime-status] [21632] Resolved module firebase-functions {"declared":true,"installed":true,"version":"3.14.1","resolution":"D:\\Github\\waik-hu\\functions\\node_modules\\firebase-functions\\lib\\index.js"} {"metadata":{"emulator":{"name":"functions"},"message":"[runtime-status] [21632] Resolved module firebase-functions {\"declared\":true,\"installed\":true,\"version\":\"3.14.1\",\"resolution\":\"D:\\\\Github\\\\waik-hu\\\\functions\\\\node_modules\\\\firebase-functions\\\\lib\\\\index.js\"}"}}
[debug] [2021-06-02T22:33:08.301Z] [runtime-status] [21632] Resolved module firebase-functions {"declared":true,"installed":true,"version":"3.14.1","resolution":"D:\\Github\\waik-hu\\functions\\node_modules\\firebase-functions\\lib\\index.js"} {"metadata":{"emulator":{"name":"functions"},"message":"[runtime-status] [21632] Resolved module firebase-functions {\"declared\":true,\"installed\":true,\"version\":\"3.14.1\",\"resolution\":\"D:\\\\Github\\\\waik-hu\\\\functions\\\\node_modules\\\\firebase-functions\\\\lib\\\\index.js\"}"}}
[debug] [2021-06-02T22:33:08.304Z] [runtime-status] [21632] Outgoing network have been stubbed. [{"name":"http","status":"mocked"},{"name":"http","status":"mocked"},{"name":"https","status":"mocked"},{"name":"https","status":"mocked"},{"name":"net","status":"mocked"}] {"metadata":{"emulator":{"name":"functions"},"message":"[runtime-status] [21632] Outgoing network have been stubbed. [{\"name\":\"http\",\"status\":\"mocked\"},{\"name\":\"http\",\"status\":\"mocked\"},{\"name\":\"https\",\"status\":\"mocked\"},{\"name\":\"https\",\"status\":\"mocked\"},{\"name\":\"net\",\"status\":\"mocked\"}]"}}
[debug] [2021-06-02T22:33:08.306Z] [runtime-status] [21632] Resolved module firebase-functions {"declared":true,"installed":true,"version":"3.14.1","resolution":"D:\\Github\\waik-hu\\functions\\node_modules\\firebase-functions\\lib\\index.js"} {"metadata":{"emulator":{"name":"functions"},"message":"[runtime-status] [21632] Resolved module firebase-functions {\"declared\":true,\"installed\":true,\"version\":\"3.14.1\",\"resolution\":\"D:\\\\Github\\\\waik-hu\\\\functions\\\\node_modules\\\\firebase-functions\\\\lib\\\\index.js\"}"}}
[debug] [2021-06-02T22:33:08.388Z] [runtime-status] [21632] Checked functions.config() {"config":{}} {"metadata":{"emulator":{"name":"functions"},"message":"[runtime-status] [21632] Checked functions.config() {\"config\":{}}"}}
[debug] [2021-06-02T22:33:08.388Z] [runtime-status] [21632] firebase-functions has been stubbed. {"functionsResolution":{"declared":true,"installed":true,"version":"3.14.1","resolution":"D:\\Github\\waik-hu\\functions\\node_modules\\firebase-functions\\lib\\index.js"}} {"metadata":{"emulator":{"name":"functions"},"message":"[runtime-status] [21632] firebase-functions has been stubbed. {\"functionsResolution\":{\"declared\":true,\"installed\":true,\"version\":\"3.14.1\",\"resolution\":\"D:\\\\Github\\\\waik-hu\\\\functions\\\\node_modules\\\\firebase-functions\\\\lib\\\\index.js\"}}"}}
[debug] [2021-06-02T22:33:08.389Z] [runtime-status] [21632] Resolved module firebase-functions {"declared":true,"installed":true,"version":"3.14.1","resolution":"D:\\Github\\waik-hu\\functions\\node_modules\\firebase-functions\\lib\\index.js"} {"metadata":{"emulator":{"name":"functions"},"message":"[runtime-status] [21632] Resolved module firebase-functions {\"declared\":true,\"installed\":true,\"version\":\"3.14.1\",\"resolution\":\"D:\\\\Github\\\\waik-hu\\\\functions\\\\node_modules\\\\firebase-functions\\\\lib\\\\index.js\"}"}}
[debug] [2021-06-02T22:33:08.391Z] [runtime-status] [21632] Resolved module firebase-admin {"declared":true,"installed":true,"version":"9.9.0","resolution":"D:\\Github\\waik-hu\\functions\\node_modules\\firebase-admin\\lib\\index.js"} {"metadata":{"emulator":{"name":"functions"},"message":"[runtime-status] [21632] Resolved module firebase-admin {\"declared\":true,\"installed\":true,\"version\":\"9.9.0\",\"resolution\":\"D:\\\\Github\\\\waik-hu\\\\functions\\\\node_modules\\\\firebase-admin\\\\lib\\\\index.js\"}"}}
[debug] [2021-06-02T22:33:08.392Z] [runtime-status] [21632] Resolved module firebase-functions {"declared":true,"installed":true,"version":"3.14.1","resolution":"D:\\Github\\waik-hu\\functions\\node_modules\\firebase-functions\\lib\\index.js"} {"metadata":{"emulator":{"name":"functions"},"message":"[runtime-status] [21632] Resolved module firebase-functions {\"declared\":true,\"installed\":true,\"version\":\"3.14.1\",\"resolution\":\"D:\\\\Github\\\\waik-hu\\\\functions\\\\node_modules\\\\firebase-functions\\\\lib\\\\index.js\"}"}}
[debug] [2021-06-02T22:33:08.392Z] [runtime-status] [21632] firebase-admin has been stubbed. {"adminResolution":{"declared":true,"installed":true,"version":"9.9.0","resolution":"D:\\Github\\waik-hu\\functions\\node_modules\\firebase-admin\\lib\\index.js"}} {"metadata":{"emulator":{"name":"functions"},"message":"[runtime-status] [21632] firebase-admin has been stubbed. {\"adminResolution\":{\"declared\":true,\"installed\":true,\"version\":\"9.9.0\",\"resolution\":\"D:\\\\Github\\\\waik-hu\\\\functions\\\\node_modules\\\\firebase-admin\\\\lib\\\\index.js\"}}"}}
[info] 
┌─────────────────────────────────────────────────────────────┐
│ ✔  All emulators ready! It is now safe to connect your app. │
│ i  View Emulator UI at http://localhost:4000                │
└─────────────────────────────────────────────────────────────┘

┌───────────┬────────────────┬─────────────────────────────────┐
│ Emulator  │ Host:Port      │ View in Emulator UI             │
├───────────┼────────────────┼─────────────────────────────────┤
│ Functions │ localhost:5001 │ http://localhost:4000/functions │
├───────────┼────────────────┼─────────────────────────────────┤
│ Firestore │ localhost:8080 │ http://localhost:4000/firestore │
└───────────┴────────────────┴─────────────────────────────────┘
  Emulator Hub running at localhost:4400
  Other reserved ports: 4500

Issues? Report them at https://github.com/firebase/firebase-tools/issues and attach the *-debug.log files.
 
[debug] [2021-06-02T22:33:08.402Z] [worker-~diagnostic~-64f3941b-8a5d-40fb-be59-f886033a32d0]: IDLE {"metadata":{"emulator":{"name":"functions"},"message":"[worker-~diagnostic~-64f3941b-8a5d-40fb-be59-f886033a32d0]: IDLE"}}
[debug] [2021-06-02T22:35:01.717Z] File D:\Github\waik-hu\functions\src\index.ts changed, reloading triggers {"metadata":{"emulator":{"name":"functions"},"message":"File D:\\Github\\waik-hu\\functions\\src\\index.ts changed, reloading triggers"}}
[debug] [2021-06-02T22:35:02.316Z] File D:\Github\waik-hu\functions\lib\index.js.map changed, reloading triggers {"metadata":{"emulator":{"name":"functions"},"message":"File D:\\Github\\waik-hu\\functions\\lib\\index.js.map changed, reloading triggers"}}
[debug] [2021-06-02T22:35:02.319Z] File D:\Github\waik-hu\functions\lib\index.js changed, reloading triggers {"metadata":{"emulator":{"name":"functions"},"message":"File D:\\Github\\waik-hu\\functions\\lib\\index.js changed, reloading triggers"}}
[debug] [2021-06-02T22:35:03.330Z] [worker-pool] Shutting down IDLE worker (~diagnostic~) {"metadata":{"emulator":{"name":"functions"},"message":"[worker-pool] Shutting down IDLE worker (~diagnostic~)"}}
[debug] [2021-06-02T22:35:03.330Z] [worker-~diagnostic~-64f3941b-8a5d-40fb-be59-f886033a32d0]: FINISHING {"metadata":{"emulator":{"name":"functions"},"message":"[worker-~diagnostic~-64f3941b-8a5d-40fb-be59-f886033a32d0]: FINISHING"}}
[debug] [2021-06-02T22:35:03.342Z] [worker-pool] addWorker(~diagnostic~) {"metadata":{"emulator":{"name":"functions"},"message":"[worker-pool] addWorker(~diagnostic~)"}}
[debug] [2021-06-02T22:35:03.342Z] [worker-pool] Adding worker with key ~diagnostic~, total=2 {"metadata":{"emulator":{"name":"functions"},"message":"[worker-pool] Adding worker with key ~diagnostic~, total=2"}}
[debug] [2021-06-02T22:35:03.342Z] [worker-pool] submitWork(triggerId=) {"metadata":{"emulator":{"name":"functions"},"message":"[worker-pool] submitWork(triggerId=)"}}
[debug] [2021-06-02T22:35:03.342Z] [worker-~diagnostic~-89848860-ab59-40f1-9443-bc201733512c]: Assigning socketPath: \\?\pipe\D:\Github\waik-hu\functions\12624 {"metadata":{"emulator":{"name":"functions"},"message":"[worker-~diagnostic~-89848860-ab59-40f1-9443-bc201733512c]: Assigning socketPath: \\\\?\\pipe\\D:\\Github\\waik-hu\\functions\\12624"}}
[debug] [2021-06-02T22:35:03.342Z] [worker-~diagnostic~-89848860-ab59-40f1-9443-bc201733512c]: BUSY {"metadata":{"emulator":{"name":"functions"},"message":"[worker-~diagnostic~-89848860-ab59-40f1-9443-bc201733512c]: BUSY"}}
[debug] [2021-06-02T22:35:03.344Z] [worker-~diagnostic~-64f3941b-8a5d-40fb-be59-f886033a32d0]: exited {"metadata":{"emulator":{"name":"functions"},"message":"[worker-~diagnostic~-64f3941b-8a5d-40fb-be59-f886033a32d0]: exited"}}
[debug] [2021-06-02T22:35:03.345Z] [worker-~diagnostic~-64f3941b-8a5d-40fb-be59-f886033a32d0]: FINISHED {"metadata":{"emulator":{"name":"functions"},"message":"[worker-~diagnostic~-64f3941b-8a5d-40fb-be59-f886033a32d0]: FINISHED"}}
[debug] [2021-06-02T22:35:03.600Z] [runtime-status] [12624] Functions runtime initialized. {"cwd":"D:\\Github\\waik-hu\\functions","node_version":"15.14.0"} {"metadata":{"emulator":{"name":"functions"},"message":"[runtime-status] [12624] Functions runtime initialized. {\"cwd\":\"D:\\\\Github\\\\waik-hu\\\\functions\",\"node_version\":\"15.14.0\"}"}}
[debug] [2021-06-02T22:35:03.601Z] [runtime-status] [12624] Disabled runtime features: undefined {"metadata":{"emulator":{"name":"functions"},"message":"[runtime-status] [12624] Disabled runtime features: undefined"}}
[debug] [2021-06-02T22:35:03.606Z] [runtime-status] [12624] Resolved module firebase-admin {"declared":true,"installed":true,"version":"9.9.0","resolution":"D:\\Github\\waik-hu\\functions\\node_modules\\firebase-admin\\lib\\index.js"} {"metadata":{"emulator":{"name":"functions"},"message":"[runtime-status] [12624] Resolved module firebase-admin {\"declared\":true,\"installed\":true,\"version\":\"9.9.0\",\"resolution\":\"D:\\\\Github\\\\waik-hu\\\\functions\\\\node_modules\\\\firebase-admin\\\\lib\\\\index.js\"}"}}
[debug] [2021-06-02T22:35:03.610Z] [runtime-status] [12624] Resolved module firebase-functions {"declared":true,"installed":true,"version":"3.14.1","resolution":"D:\\Github\\waik-hu\\functions\\node_modules\\firebase-functions\\lib\\index.js"} {"metadata":{"emulator":{"name":"functions"},"message":"[runtime-status] [12624] Resolved module firebase-functions {\"declared\":true,\"installed\":true,\"version\":\"3.14.1\",\"resolution\":\"D:\\\\Github\\\\waik-hu\\\\functions\\\\node_modules\\\\firebase-functions\\\\lib\\\\index.js\"}"}}
[debug] [2021-06-02T22:35:03.612Z] [runtime-status] [12624] Resolved module firebase-functions {"declared":true,"installed":true,"version":"3.14.1","resolution":"D:\\Github\\waik-hu\\functions\\node_modules\\firebase-functions\\lib\\index.js"} {"metadata":{"emulator":{"name":"functions"},"message":"[runtime-status] [12624] Resolved module firebase-functions {\"declared\":true,\"installed\":true,\"version\":\"3.14.1\",\"resolution\":\"D:\\\\Github\\\\waik-hu\\\\functions\\\\node_modules\\\\firebase-functions\\\\lib\\\\index.js\"}"}}
[debug] [2021-06-02T22:35:03.616Z] [runtime-status] [12624] Outgoing network have been stubbed. [{"name":"http","status":"mocked"},{"name":"http","status":"mocked"},{"name":"https","status":"mocked"},{"name":"https","status":"mocked"},{"name":"net","status":"mocked"}] {"metadata":{"emulator":{"name":"functions"},"message":"[runtime-status] [12624] Outgoing network have been stubbed. [{\"name\":\"http\",\"status\":\"mocked\"},{\"name\":\"http\",\"status\":\"mocked\"},{\"name\":\"https\",\"status\":\"mocked\"},{\"name\":\"https\",\"status\":\"mocked\"},{\"name\":\"net\",\"status\":\"mocked\"}]"}}
[debug] [2021-06-02T22:35:03.617Z] [runtime-status] [12624] Resolved module firebase-functions {"declared":true,"installed":true,"version":"3.14.1","resolution":"D:\\Github\\waik-hu\\functions\\node_modules\\firebase-functions\\lib\\index.js"} {"metadata":{"emulator":{"name":"functions"},"message":"[runtime-status] [12624] Resolved module firebase-functions {\"declared\":true,\"installed\":true,\"version\":\"3.14.1\",\"resolution\":\"D:\\\\Github\\\\waik-hu\\\\functions\\\\node_modules\\\\firebase-functions\\\\lib\\\\index.js\"}"}}
[debug] [2021-06-02T22:35:03.701Z] [runtime-status] [12624] Checked functions.config() {"config":{}} {"metadata":{"emulator":{"name":"functions"},"message":"[runtime-status] [12624] Checked functions.config() {\"config\":{}}"}}
[debug] [2021-06-02T22:35:03.701Z] [runtime-status] [12624] firebase-functions has been stubbed. {"functionsResolution":{"declared":true,"installed":true,"version":"3.14.1","resolution":"D:\\Github\\waik-hu\\functions\\node_modules\\firebase-functions\\lib\\index.js"}} {"metadata":{"emulator":{"name":"functions"},"message":"[runtime-status] [12624] firebase-functions has been stubbed. {\"functionsResolution\":{\"declared\":true,\"installed\":true,\"version\":\"3.14.1\",\"resolution\":\"D:\\\\Github\\\\waik-hu\\\\functions\\\\node_modules\\\\firebase-functions\\\\lib\\\\index.js\"}}"}}
[debug] [2021-06-02T22:35:03.702Z] [runtime-status] [12624] Resolved module firebase-functions {"declared":true,"installed":true,"version":"3.14.1","resolution":"D:\\Github\\waik-hu\\functions\\node_modules\\firebase-functions\\lib\\index.js"} {"metadata":{"emulator":{"name":"functions"},"message":"[runtime-status] [12624] Resolved module firebase-functions {\"declared\":true,\"installed\":true,\"version\":\"3.14.1\",\"resolution\":\"D:\\\\Github\\\\waik-hu\\\\functions\\\\node_modules\\\\firebase-functions\\\\lib\\\\index.js\"}"}}
[debug] [2021-06-02T22:35:03.704Z] [runtime-status] [12624] Resolved module firebase-admin {"declared":true,"installed":true,"version":"9.9.0","resolution":"D:\\Github\\waik-hu\\functions\\node_modules\\firebase-admin\\lib\\index.js"} {"metadata":{"emulator":{"name":"functions"},"message":"[runtime-status] [12624] Resolved module firebase-admin {\"declared\":true,\"installed\":true,\"version\":\"9.9.0\",\"resolution\":\"D:\\\\Github\\\\waik-hu\\\\functions\\\\node_modules\\\\firebase-admin\\\\lib\\\\index.js\"}"}}
[debug] [2021-06-02T22:35:03.705Z] [runtime-status] [12624] Resolved module firebase-functions {"declared":true,"installed":true,"version":"3.14.1","resolution":"D:\\Github\\waik-hu\\functions\\node_modules\\firebase-functions\\lib\\index.js"} {"metadata":{"emulator":{"name":"functions"},"message":"[runtime-status] [12624] Resolved module firebase-functions {\"declared\":true,\"installed\":true,\"version\":\"3.14.1\",\"resolution\":\"D:\\\\Github\\\\waik-hu\\\\functions\\\\node_modules\\\\firebase-functions\\\\lib\\\\index.js\"}"}}
[debug] [2021-06-02T22:35:03.705Z] [runtime-status] [12624] firebase-admin has been stubbed. {"adminResolution":{"declared":true,"installed":true,"version":"9.9.0","resolution":"D:\\Github\\waik-hu\\functions\\node_modules\\firebase-admin\\lib\\index.js"}} {"metadata":{"emulator":{"name":"functions"},"message":"[runtime-status] [12624] firebase-admin has been stubbed. {\"adminResolution\":{\"declared\":true,\"installed\":true,\"version\":\"9.9.0\",\"resolution\":\"D:\\\\Github\\\\waik-hu\\\\functions\\\\node_modules\\\\firebase-admin\\\\lib\\\\index.js\"}}"}}
[debug] [2021-06-02T22:35:03.716Z] addFirestoreTrigger "{\"eventTrigger\":{\"resource\":\"projects/zal1000/databases/(default)/documents/test\",\"eventType\":\"providers/cloud.firestore/eventTypes/document.write\",\"service\":\"firestore.googleapis.com\"}}"
[debug] [2021-06-02T22:35:03.717Z] >>> HTTP REQUEST PUT http://localhost:8080/emulator/v1/projects/zal1000/triggers/us-central1-fstest-0  
 {"eventTrigger":{"resource":"projects/zal1000/databases/(default)/documents/test","eventType":"providers/cloud.firestore/eventTypes/document.write","service":"firestore.googleapis.com"}}
[debug] [2021-06-02T22:35:03.719Z] [worker-~diagnostic~-89848860-ab59-40f1-9443-bc201733512c]: IDLE {"metadata":{"emulator":{"name":"functions"},"message":"[worker-~diagnostic~-89848860-ab59-40f1-9443-bc201733512c]: IDLE"}}
[debug] [2021-06-02T22:35:03.785Z] <<< HTTP RESPONSE 200 {"content-type":"application/json","content-length":"4"}
[info] +  functions[us-central1-fstest]: firestore function initialized. {"metadata":{"emulator":{"name":"functions"},"message":"\u001b[1mfirestore\u001b[22m function initialized."}}
[debug] [2021-06-02T22:35:36.783Z] File D:\Github\waik-hu\functions\src\index.ts changed, reloading triggers {"metadata":{"emulator":{"name":"functions"},"message":"File D:\\Github\\waik-hu\\functions\\src\\index.ts changed, reloading triggers"}}
[debug] [2021-06-02T22:35:37.138Z] File D:\Github\waik-hu\functions\lib\index.js.map changed, reloading triggers {"metadata":{"emulator":{"name":"functions"},"message":"File D:\\Github\\waik-hu\\functions\\lib\\index.js.map changed, reloading triggers"}}
[debug] [2021-06-02T22:35:37.138Z] File D:\Github\waik-hu\functions\lib\index.js changed, reloading triggers {"metadata":{"emulator":{"name":"functions"},"message":"File D:\\Github\\waik-hu\\functions\\lib\\index.js changed, reloading triggers"}}
[debug] [2021-06-02T22:35:38.149Z] [worker-pool] Shutting down IDLE worker (~diagnostic~) {"metadata":{"emulator":{"name":"functions"},"message":"[worker-pool] Shutting down IDLE worker (~diagnostic~)"}}
[debug] [2021-06-02T22:35:38.149Z] [worker-~diagnostic~-89848860-ab59-40f1-9443-bc201733512c]: FINISHING {"metadata":{"emulator":{"name":"functions"},"message":"[worker-~diagnostic~-89848860-ab59-40f1-9443-bc201733512c]: FINISHING"}}
[debug] [2021-06-02T22:35:38.150Z] [worker-pool] Cleaned up workers for ~diagnostic~: 2 --> 1 {"metadata":{"emulator":{"name":"functions"},"message":"[worker-pool] Cleaned up workers for ~diagnostic~: 2 --> 1"}}
[debug] [2021-06-02T22:35:38.158Z] [worker-pool] addWorker(~diagnostic~) {"metadata":{"emulator":{"name":"functions"},"message":"[worker-pool] addWorker(~diagnostic~)"}}
[debug] [2021-06-02T22:35:38.159Z] [worker-pool] Adding worker with key ~diagnostic~, total=2 {"metadata":{"emulator":{"name":"functions"},"message":"[worker-pool] Adding worker with key ~diagnostic~, total=2"}}
[debug] [2021-06-02T22:35:38.159Z] [worker-pool] submitWork(triggerId=) {"metadata":{"emulator":{"name":"functions"},"message":"[worker-pool] submitWork(triggerId=)"}}
[debug] [2021-06-02T22:35:38.159Z] [worker-~diagnostic~-4f578209-4fb1-494a-bd56-54bb2951085d]: Assigning socketPath: \\?\pipe\D:\Github\waik-hu\functions\21032 {"metadata":{"emulator":{"name":"functions"},"message":"[worker-~diagnostic~-4f578209-4fb1-494a-bd56-54bb2951085d]: Assigning socketPath: \\\\?\\pipe\\D:\\Github\\waik-hu\\functions\\21032"}}
[debug] [2021-06-02T22:35:38.159Z] [worker-~diagnostic~-4f578209-4fb1-494a-bd56-54bb2951085d]: BUSY {"metadata":{"emulator":{"name":"functions"},"message":"[worker-~diagnostic~-4f578209-4fb1-494a-bd56-54bb2951085d]: BUSY"}}
[debug] [2021-06-02T22:35:38.160Z] [worker-~diagnostic~-89848860-ab59-40f1-9443-bc201733512c]: exited {"metadata":{"emulator":{"name":"functions"},"message":"[worker-~diagnostic~-89848860-ab59-40f1-9443-bc201733512c]: exited"}}
[debug] [2021-06-02T22:35:38.160Z] [worker-~diagnostic~-89848860-ab59-40f1-9443-bc201733512c]: FINISHED {"metadata":{"emulator":{"name":"functions"},"message":"[worker-~diagnostic~-89848860-ab59-40f1-9443-bc201733512c]: FINISHED"}}
[debug] [2021-06-02T22:35:38.438Z] [runtime-status] [21032] Functions runtime initialized. {"cwd":"D:\\Github\\waik-hu\\functions","node_version":"15.14.0"} {"metadata":{"emulator":{"name":"functions"},"message":"[runtime-status] [21032] Functions runtime initialized. {\"cwd\":\"D:\\\\Github\\\\waik-hu\\\\functions\",\"node_version\":\"15.14.0\"}"}}
[debug] [2021-06-02T22:35:38.440Z] [runtime-status] [21032] Disabled runtime features: undefined {"metadata":{"emulator":{"name":"functions"},"message":"[runtime-status] [21032] Disabled runtime features: undefined"}}
[debug] [2021-06-02T22:35:38.449Z] [runtime-status] [21032] Resolved module firebase-admin {"declared":true,"installed":true,"version":"9.9.0","resolution":"D:\\Github\\waik-hu\\functions\\node_modules\\firebase-admin\\lib\\index.js"} {"metadata":{"emulator":{"name":"functions"},"message":"[runtime-status] [21032] Resolved module firebase-admin {\"declared\":true,\"installed\":true,\"version\":\"9.9.0\",\"resolution\":\"D:\\\\Github\\\\waik-hu\\\\functions\\\\node_modules\\\\firebase-admin\\\\lib\\\\index.js\"}"}}
[debug] [2021-06-02T22:35:38.452Z] [runtime-status] [21032] Resolved module firebase-functions {"declared":true,"installed":true,"version":"3.14.1","resolution":"D:\\Github\\waik-hu\\functions\\node_modules\\firebase-functions\\lib\\index.js"} {"metadata":{"emulator":{"name":"functions"},"message":"[runtime-status] [21032] Resolved module firebase-functions {\"declared\":true,\"installed\":true,\"version\":\"3.14.1\",\"resolution\":\"D:\\\\Github\\\\waik-hu\\\\functions\\\\node_modules\\\\firebase-functions\\\\lib\\\\index.js\"}"}}
[debug] [2021-06-02T22:35:38.456Z] [runtime-status] [21032] Resolved module firebase-functions {"declared":true,"installed":true,"version":"3.14.1","resolution":"D:\\Github\\waik-hu\\functions\\node_modules\\firebase-functions\\lib\\index.js"} {"metadata":{"emulator":{"name":"functions"},"message":"[runtime-status] [21032] Resolved module firebase-functions {\"declared\":true,\"installed\":true,\"version\":\"3.14.1\",\"resolution\":\"D:\\\\Github\\\\waik-hu\\\\functions\\\\node_modules\\\\firebase-functions\\\\lib\\\\index.js\"}"}}
[debug] [2021-06-02T22:35:38.458Z] [runtime-status] [21032] Outgoing network have been stubbed. [{"name":"http","status":"mocked"},{"name":"http","status":"mocked"},{"name":"https","status":"mocked"},{"name":"https","status":"mocked"},{"name":"net","status":"mocked"}] {"metadata":{"emulator":{"name":"functions"},"message":"[runtime-status] [21032] Outgoing network have been stubbed. [{\"name\":\"http\",\"status\":\"mocked\"},{\"name\":\"http\",\"status\":\"mocked\"},{\"name\":\"https\",\"status\":\"mocked\"},{\"name\":\"https\",\"status\":\"mocked\"},{\"name\":\"net\",\"status\":\"mocked\"}]"}}
[debug] [2021-06-02T22:35:38.459Z] [runtime-status] [21032] Resolved module firebase-functions {"declared":true,"installed":true,"version":"3.14.1","resolution":"D:\\Github\\waik-hu\\functions\\node_modules\\firebase-functions\\lib\\index.js"} {"metadata":{"emulator":{"name":"functions"},"message":"[runtime-status] [21032] Resolved module firebase-functions {\"declared\":true,\"installed\":true,\"version\":\"3.14.1\",\"resolution\":\"D:\\\\Github\\\\waik-hu\\\\functions\\\\node_modules\\\\firebase-functions\\\\lib\\\\index.js\"}"}}
[debug] [2021-06-02T22:35:38.568Z] [runtime-status] [21032] Checked functions.config() {"config":{}} {"metadata":{"emulator":{"name":"functions"},"message":"[runtime-status] [21032] Checked functions.config() {\"config\":{}}"}}
[debug] [2021-06-02T22:35:38.569Z] [runtime-status] [21032] firebase-functions has been stubbed. {"functionsResolution":{"declared":true,"installed":true,"version":"3.14.1","resolution":"D:\\Github\\waik-hu\\functions\\node_modules\\firebase-functions\\lib\\index.js"}} {"metadata":{"emulator":{"name":"functions"},"message":"[runtime-status] [21032] firebase-functions has been stubbed. {\"functionsResolution\":{\"declared\":true,\"installed\":true,\"version\":\"3.14.1\",\"resolution\":\"D:\\\\Github\\\\waik-hu\\\\functions\\\\node_modules\\\\firebase-functions\\\\lib\\\\index.js\"}}"}}
[debug] [2021-06-02T22:35:38.569Z] [runtime-status] [21032] Resolved module firebase-functions {"declared":true,"installed":true,"version":"3.14.1","resolution":"D:\\Github\\waik-hu\\functions\\node_modules\\firebase-functions\\lib\\index.js"} {"metadata":{"emulator":{"name":"functions"},"message":"[runtime-status] [21032] Resolved module firebase-functions {\"declared\":true,\"installed\":true,\"version\":\"3.14.1\",\"resolution\":\"D:\\\\Github\\\\waik-hu\\\\functions\\\\node_modules\\\\firebase-functions\\\\lib\\\\index.js\"}"}}
[debug] [2021-06-02T22:35:38.571Z] [runtime-status] [21032] Resolved module firebase-admin {"declared":true,"installed":true,"version":"9.9.0","resolution":"D:\\Github\\waik-hu\\functions\\node_modules\\firebase-admin\\lib\\index.js"} {"metadata":{"emulator":{"name":"functions"},"message":"[runtime-status] [21032] Resolved module firebase-admin {\"declared\":true,\"installed\":true,\"version\":\"9.9.0\",\"resolution\":\"D:\\\\Github\\\\waik-hu\\\\functions\\\\node_modules\\\\firebase-admin\\\\lib\\\\index.js\"}"}}
[debug] [2021-06-02T22:35:38.572Z] [runtime-status] [21032] Resolved module firebase-functions {"declared":true,"installed":true,"version":"3.14.1","resolution":"D:\\Github\\waik-hu\\functions\\node_modules\\firebase-functions\\lib\\index.js"} {"metadata":{"emulator":{"name":"functions"},"message":"[runtime-status] [21032] Resolved module firebase-functions {\"declared\":true,\"installed\":true,\"version\":\"3.14.1\",\"resolution\":\"D:\\\\Github\\\\waik-hu\\\\functions\\\\node_modules\\\\firebase-functions\\\\lib\\\\index.js\"}"}}
[debug] [2021-06-02T22:35:38.573Z] [runtime-status] [21032] firebase-admin has been stubbed. {"adminResolution":{"declared":true,"installed":true,"version":"9.9.0","resolution":"D:\\Github\\waik-hu\\functions\\node_modules\\firebase-admin\\lib\\index.js"}} {"metadata":{"emulator":{"name":"functions"},"message":"[runtime-status] [21032] firebase-admin has been stubbed. {\"adminResolution\":{\"declared\":true,\"installed\":true,\"version\":\"9.9.0\",\"resolution\":\"D:\\\\Github\\\\waik-hu\\\\functions\\\\node_modules\\\\firebase-admin\\\\lib\\\\index.js\"}}"}}
[debug] [2021-06-02T22:35:38.584Z] [worker-~diagnostic~-4f578209-4fb1-494a-bd56-54bb2951085d]: IDLE {"metadata":{"emulator":{"name":"functions"},"message":"[worker-~diagnostic~-4f578209-4fb1-494a-bd56-54bb2951085d]: IDLE"}}
[debug] [2021-06-02T22:35:54.418Z] File D:\Github\waik-hu\functions\src\index.ts changed, reloading triggers {"metadata":{"emulator":{"name":"functions"},"message":"File D:\\Github\\waik-hu\\functions\\src\\index.ts changed, reloading triggers"}}
[debug] [2021-06-02T22:35:55.432Z] [worker-pool] Shutting down IDLE worker (~diagnostic~) {"metadata":{"emulator":{"name":"functions"},"message":"[worker-pool] Shutting down IDLE worker (~diagnostic~)"}}
[debug] [2021-06-02T22:35:55.433Z] [worker-~diagnostic~-4f578209-4fb1-494a-bd56-54bb2951085d]: FINISHING {"metadata":{"emulator":{"name":"functions"},"message":"[worker-~diagnostic~-4f578209-4fb1-494a-bd56-54bb2951085d]: FINISHING"}}
[debug] [2021-06-02T22:35:55.433Z] [worker-pool] Cleaned up workers for ~diagnostic~: 2 --> 1 {"metadata":{"emulator":{"name":"functions"},"message":"[worker-pool] Cleaned up workers for ~diagnostic~: 2 --> 1"}}
[debug] [2021-06-02T22:35:55.443Z] [worker-pool] addWorker(~diagnostic~) {"metadata":{"emulator":{"name":"functions"},"message":"[worker-pool] addWorker(~diagnostic~)"}}
[debug] [2021-06-02T22:35:55.443Z] [worker-pool] Adding worker with key ~diagnostic~, total=2 {"metadata":{"emulator":{"name":"functions"},"message":"[worker-pool] Adding worker with key ~diagnostic~, total=2"}}
[debug] [2021-06-02T22:35:55.443Z] [worker-pool] submitWork(triggerId=) {"metadata":{"emulator":{"name":"functions"},"message":"[worker-pool] submitWork(triggerId=)"}}
[debug] [2021-06-02T22:35:55.443Z] [worker-~diagnostic~-3019d852-0d5c-443d-b042-8f17554f9158]: Assigning socketPath: \\?\pipe\D:\Github\waik-hu\functions\7176 {"metadata":{"emulator":{"name":"functions"},"message":"[worker-~diagnostic~-3019d852-0d5c-443d-b042-8f17554f9158]: Assigning socketPath: \\\\?\\pipe\\D:\\Github\\waik-hu\\functions\\7176"}}
[debug] [2021-06-02T22:35:55.443Z] [worker-~diagnostic~-3019d852-0d5c-443d-b042-8f17554f9158]: BUSY {"metadata":{"emulator":{"name":"functions"},"message":"[worker-~diagnostic~-3019d852-0d5c-443d-b042-8f17554f9158]: BUSY"}}
[debug] [2021-06-02T22:35:55.444Z] [worker-~diagnostic~-4f578209-4fb1-494a-bd56-54bb2951085d]: exited {"metadata":{"emulator":{"name":"functions"},"message":"[worker-~diagnostic~-4f578209-4fb1-494a-bd56-54bb2951085d]: exited"}}
[debug] [2021-06-02T22:35:55.444Z] [worker-~diagnostic~-4f578209-4fb1-494a-bd56-54bb2951085d]: FINISHED {"metadata":{"emulator":{"name":"functions"},"message":"[worker-~diagnostic~-4f578209-4fb1-494a-bd56-54bb2951085d]: FINISHED"}}
[debug] [2021-06-02T22:35:55.770Z] [runtime-status] [7176] Functions runtime initialized. {"cwd":"D:\\Github\\waik-hu\\functions","node_version":"15.14.0"} {"metadata":{"emulator":{"name":"functions"},"message":"[runtime-status] [7176] Functions runtime initialized. {\"cwd\":\"D:\\\\Github\\\\waik-hu\\\\functions\",\"node_version\":\"15.14.0\"}"}}
[debug] [2021-06-02T22:35:55.775Z] [runtime-status] [7176] Disabled runtime features: undefined {"metadata":{"emulator":{"name":"functions"},"message":"[runtime-status] [7176] Disabled runtime features: undefined"}}
[debug] [2021-06-02T22:35:55.798Z] [runtime-status] [7176] Resolved module firebase-admin {"declared":true,"installed":true,"version":"9.9.0","resolution":"D:\\Github\\waik-hu\\functions\\node_modules\\firebase-admin\\lib\\index.js"} {"metadata":{"emulator":{"name":"functions"},"message":"[runtime-status] [7176] Resolved module firebase-admin {\"declared\":true,\"installed\":true,\"version\":\"9.9.0\",\"resolution\":\"D:\\\\Github\\\\waik-hu\\\\functions\\\\node_modules\\\\firebase-admin\\\\lib\\\\index.js\"}"}}
[debug] [2021-06-02T22:35:55.804Z] [runtime-status] [7176] Resolved module firebase-functions {"declared":true,"installed":true,"version":"3.14.1","resolution":"D:\\Github\\waik-hu\\functions\\node_modules\\firebase-functions\\lib\\index.js"} {"metadata":{"emulator":{"name":"functions"},"message":"[runtime-status] [7176] Resolved module firebase-functions {\"declared\":true,\"installed\":true,\"version\":\"3.14.1\",\"resolution\":\"D:\\\\Github\\\\waik-hu\\\\functions\\\\node_modules\\\\firebase-functions\\\\lib\\\\index.js\"}"}}
[debug] [2021-06-02T22:35:55.806Z] [runtime-status] [7176] Resolved module firebase-functions {"declared":true,"installed":true,"version":"3.14.1","resolution":"D:\\Github\\waik-hu\\functions\\node_modules\\firebase-functions\\lib\\index.js"} {"metadata":{"emulator":{"name":"functions"},"message":"[runtime-status] [7176] Resolved module firebase-functions {\"declared\":true,\"installed\":true,\"version\":\"3.14.1\",\"resolution\":\"D:\\\\Github\\\\waik-hu\\\\functions\\\\node_modules\\\\firebase-functions\\\\lib\\\\index.js\"}"}}
[debug] [2021-06-02T22:35:55.808Z] [runtime-status] [7176] Outgoing network have been stubbed. [{"name":"http","status":"mocked"},{"name":"http","status":"mocked"},{"name":"https","status":"mocked"},{"name":"https","status":"mocked"},{"name":"net","status":"mocked"}] {"metadata":{"emulator":{"name":"functions"},"message":"[runtime-status] [7176] Outgoing network have been stubbed. [{\"name\":\"http\",\"status\":\"mocked\"},{\"name\":\"http\",\"status\":\"mocked\"},{\"name\":\"https\",\"status\":\"mocked\"},{\"name\":\"https\",\"status\":\"mocked\"},{\"name\":\"net\",\"status\":\"mocked\"}]"}}
[debug] [2021-06-02T22:35:55.809Z] [runtime-status] [7176] Resolved module firebase-functions {"declared":true,"installed":true,"version":"3.14.1","resolution":"D:\\Github\\waik-hu\\functions\\node_modules\\firebase-functions\\lib\\index.js"} {"metadata":{"emulator":{"name":"functions"},"message":"[runtime-status] [7176] Resolved module firebase-functions {\"declared\":true,\"installed\":true,\"version\":\"3.14.1\",\"resolution\":\"D:\\\\Github\\\\waik-hu\\\\functions\\\\node_modules\\\\firebase-functions\\\\lib\\\\index.js\"}"}}
[debug] [2021-06-02T22:35:55.914Z] [runtime-status] [7176] Checked functions.config() {"config":{}} {"metadata":{"emulator":{"name":"functions"},"message":"[runtime-status] [7176] Checked functions.config() {\"config\":{}}"}}
[debug] [2021-06-02T22:35:55.914Z] [runtime-status] [7176] firebase-functions has been stubbed. {"functionsResolution":{"declared":true,"installed":true,"version":"3.14.1","resolution":"D:\\Github\\waik-hu\\functions\\node_modules\\firebase-functions\\lib\\index.js"}} {"metadata":{"emulator":{"name":"functions"},"message":"[runtime-status] [7176] firebase-functions has been stubbed. {\"functionsResolution\":{\"declared\":true,\"installed\":true,\"version\":\"3.14.1\",\"resolution\":\"D:\\\\Github\\\\waik-hu\\\\functions\\\\node_modules\\\\firebase-functions\\\\lib\\\\index.js\"}}"}}
[debug] [2021-06-02T22:35:55.915Z] [runtime-status] [7176] Resolved module firebase-functions {"declared":true,"installed":true,"version":"3.14.1","resolution":"D:\\Github\\waik-hu\\functions\\node_modules\\firebase-functions\\lib\\index.js"} {"metadata":{"emulator":{"name":"functions"},"message":"[runtime-status] [7176] Resolved module firebase-functions {\"declared\":true,\"installed\":true,\"version\":\"3.14.1\",\"resolution\":\"D:\\\\Github\\\\waik-hu\\\\functions\\\\node_modules\\\\firebase-functions\\\\lib\\\\index.js\"}"}}
[debug] [2021-06-02T22:35:55.917Z] [runtime-status] [7176] Resolved module firebase-admin {"declared":true,"installed":true,"version":"9.9.0","resolution":"D:\\Github\\waik-hu\\functions\\node_modules\\firebase-admin\\lib\\index.js"} {"metadata":{"emulator":{"name":"functions"},"message":"[runtime-status] [7176] Resolved module firebase-admin {\"declared\":true,\"installed\":true,\"version\":\"9.9.0\",\"resolution\":\"D:\\\\Github\\\\waik-hu\\\\functions\\\\node_modules\\\\firebase-admin\\\\lib\\\\index.js\"}"}}
[debug] [2021-06-02T22:35:55.918Z] [runtime-status] [7176] Resolved module firebase-functions {"declared":true,"installed":true,"version":"3.14.1","resolution":"D:\\Github\\waik-hu\\functions\\node_modules\\firebase-functions\\lib\\index.js"} {"metadata":{"emulator":{"name":"functions"},"message":"[runtime-status] [7176] Resolved module firebase-functions {\"declared\":true,\"installed\":true,\"version\":\"3.14.1\",\"resolution\":\"D:\\\\Github\\\\waik-hu\\\\functions\\\\node_modules\\\\firebase-functions\\\\lib\\\\index.js\"}"}}
[debug] [2021-06-02T22:35:55.919Z] [runtime-status] [7176] firebase-admin has been stubbed. {"adminResolution":{"declared":true,"installed":true,"version":"9.9.0","resolution":"D:\\Github\\waik-hu\\functions\\node_modules\\firebase-admin\\lib\\index.js"}} {"metadata":{"emulator":{"name":"functions"},"message":"[runtime-status] [7176] firebase-admin has been stubbed. {\"adminResolution\":{\"declared\":true,\"installed\":true,\"version\":\"9.9.0\",\"resolution\":\"D:\\\\Github\\\\waik-hu\\\\functions\\\\node_modules\\\\firebase-admin\\\\lib\\\\index.js\"}}"}}
[debug] [2021-06-02T22:35:55.924Z] [worker-~diagnostic~-3019d852-0d5c-443d-b042-8f17554f9158]: IDLE {"metadata":{"emulator":{"name":"functions"},"message":"[worker-~diagnostic~-3019d852-0d5c-443d-b042-8f17554f9158]: IDLE"}}
[debug] [2021-06-02T22:36:18.459Z] File D:\Github\waik-hu\functions\src\index.ts changed, reloading triggers {"metadata":{"emulator":{"name":"functions"},"message":"File D:\\Github\\waik-hu\\functions\\src\\index.ts changed, reloading triggers"}}
[debug] [2021-06-02T22:36:18.592Z] File D:\Github\waik-hu\functions\src\index.ts changed, reloading triggers {"metadata":{"emulator":{"name":"functions"},"message":"File D:\\Github\\waik-hu\\functions\\src\\index.ts changed, reloading triggers"}}
[debug] [2021-06-02T22:36:18.906Z] File D:\Github\waik-hu\functions\lib\index.js.map changed, reloading triggers {"metadata":{"emulator":{"name":"functions"},"message":"File D:\\Github\\waik-hu\\functions\\lib\\index.js.map changed, reloading triggers"}}
[debug] [2021-06-02T22:36:18.906Z] File D:\Github\waik-hu\functions\lib\index.js changed, reloading triggers {"metadata":{"emulator":{"name":"functions"},"message":"File D:\\Github\\waik-hu\\functions\\lib\\index.js changed, reloading triggers"}}
[debug] [2021-06-02T22:36:19.943Z] [worker-pool] Shutting down IDLE worker (~diagnostic~) {"metadata":{"emulator":{"name":"functions"},"message":"[worker-pool] Shutting down IDLE worker (~diagnostic~)"}}
[debug] [2021-06-02T22:36:19.943Z] [worker-~diagnostic~-3019d852-0d5c-443d-b042-8f17554f9158]: FINISHING {"metadata":{"emulator":{"name":"functions"},"message":"[worker-~diagnostic~-3019d852-0d5c-443d-b042-8f17554f9158]: FINISHING"}}
[debug] [2021-06-02T22:36:19.943Z] [worker-pool] Cleaned up workers for ~diagnostic~: 2 --> 1 {"metadata":{"emulator":{"name":"functions"},"message":"[worker-pool] Cleaned up workers for ~diagnostic~: 2 --> 1"}}
[debug] [2021-06-02T22:36:19.974Z] [worker-pool] addWorker(~diagnostic~) {"metadata":{"emulator":{"name":"functions"},"message":"[worker-pool] addWorker(~diagnostic~)"}}
[debug] [2021-06-02T22:36:19.974Z] [worker-pool] Adding worker with key ~diagnostic~, total=2 {"metadata":{"emulator":{"name":"functions"},"message":"[worker-pool] Adding worker with key ~diagnostic~, total=2"}}
[debug] [2021-06-02T22:36:19.974Z] [worker-pool] submitWork(triggerId=) {"metadata":{"emulator":{"name":"functions"},"message":"[worker-pool] submitWork(triggerId=)"}}
[debug] [2021-06-02T22:36:19.974Z] [worker-~diagnostic~-465c477c-af67-4718-aaa5-96a0ea3e8dc7]: Assigning socketPath: \\?\pipe\D:\Github\waik-hu\functions\20128 {"metadata":{"emulator":{"name":"functions"},"message":"[worker-~diagnostic~-465c477c-af67-4718-aaa5-96a0ea3e8dc7]: Assigning socketPath: \\\\?\\pipe\\D:\\Github\\waik-hu\\functions\\20128"}}
[debug] [2021-06-02T22:36:19.974Z] [worker-~diagnostic~-465c477c-af67-4718-aaa5-96a0ea3e8dc7]: BUSY {"metadata":{"emulator":{"name":"functions"},"message":"[worker-~diagnostic~-465c477c-af67-4718-aaa5-96a0ea3e8dc7]: BUSY"}}
[debug] [2021-06-02T22:36:19.983Z] [worker-~diagnostic~-3019d852-0d5c-443d-b042-8f17554f9158]: exited {"metadata":{"emulator":{"name":"functions"},"message":"[worker-~diagnostic~-3019d852-0d5c-443d-b042-8f17554f9158]: exited"}}
[debug] [2021-06-02T22:36:19.984Z] [worker-~diagnostic~-3019d852-0d5c-443d-b042-8f17554f9158]: FINISHED {"metadata":{"emulator":{"name":"functions"},"message":"[worker-~diagnostic~-3019d852-0d5c-443d-b042-8f17554f9158]: FINISHED"}}
[debug] [2021-06-02T22:36:20.363Z] [runtime-status] [20128] Functions runtime initialized. {"cwd":"D:\\Github\\waik-hu\\functions","node_version":"15.14.0"} {"metadata":{"emulator":{"name":"functions"},"message":"[runtime-status] [20128] Functions runtime initialized. {\"cwd\":\"D:\\\\Github\\\\waik-hu\\\\functions\",\"node_version\":\"15.14.0\"}"}}
[debug] [2021-06-02T22:36:20.365Z] [runtime-status] [20128] Disabled runtime features: undefined {"metadata":{"emulator":{"name":"functions"},"message":"[runtime-status] [20128] Disabled runtime features: undefined"}}
[debug] [2021-06-02T22:36:20.371Z] [runtime-status] [20128] Resolved module firebase-admin {"declared":true,"installed":true,"version":"9.9.0","resolution":"D:\\Github\\waik-hu\\functions\\node_modules\\firebase-admin\\lib\\index.js"} {"metadata":{"emulator":{"name":"functions"},"message":"[runtime-status] [20128] Resolved module firebase-admin {\"declared\":true,\"installed\":true,\"version\":\"9.9.0\",\"resolution\":\"D:\\\\Github\\\\waik-hu\\\\functions\\\\node_modules\\\\firebase-admin\\\\lib\\\\index.js\"}"}}
[debug] [2021-06-02T22:36:20.375Z] [runtime-status] [20128] Resolved module firebase-functions {"declared":true,"installed":true,"version":"3.14.1","resolution":"D:\\Github\\waik-hu\\functions\\node_modules\\firebase-functions\\lib\\index.js"} {"metadata":{"emulator":{"name":"functions"},"message":"[runtime-status] [20128] Resolved module firebase-functions {\"declared\":true,\"installed\":true,\"version\":\"3.14.1\",\"resolution\":\"D:\\\\Github\\\\waik-hu\\\\functions\\\\node_modules\\\\firebase-functions\\\\lib\\\\index.js\"}"}}
[debug] [2021-06-02T22:36:20.379Z] [runtime-status] [20128] Resolved module firebase-functions {"declared":true,"installed":true,"version":"3.14.1","resolution":"D:\\Github\\waik-hu\\functions\\node_modules\\firebase-functions\\lib\\index.js"} {"metadata":{"emulator":{"name":"functions"},"message":"[runtime-status] [20128] Resolved module firebase-functions {\"declared\":true,\"installed\":true,\"version\":\"3.14.1\",\"resolution\":\"D:\\\\Github\\\\waik-hu\\\\functions\\\\node_modules\\\\firebase-functions\\\\lib\\\\index.js\"}"}}
[debug] [2021-06-02T22:36:20.381Z] [runtime-status] [20128] Outgoing network have been stubbed. [{"name":"http","status":"mocked"},{"name":"http","status":"mocked"},{"name":"https","status":"mocked"},{"name":"https","status":"mocked"},{"name":"net","status":"mocked"}] {"metadata":{"emulator":{"name":"functions"},"message":"[runtime-status] [20128] Outgoing network have been stubbed. [{\"name\":\"http\",\"status\":\"mocked\"},{\"name\":\"http\",\"status\":\"mocked\"},{\"name\":\"https\",\"status\":\"mocked\"},{\"name\":\"https\",\"status\":\"mocked\"},{\"name\":\"net\",\"status\":\"mocked\"}]"}}
[debug] [2021-06-02T22:36:20.383Z] [runtime-status] [20128] Resolved module firebase-functions {"declared":true,"installed":true,"version":"3.14.1","resolution":"D:\\Github\\waik-hu\\functions\\node_modules\\firebase-functions\\lib\\index.js"} {"metadata":{"emulator":{"name":"functions"},"message":"[runtime-status] [20128] Resolved module firebase-functions {\"declared\":true,\"installed\":true,\"version\":\"3.14.1\",\"resolution\":\"D:\\\\Github\\\\waik-hu\\\\functions\\\\node_modules\\\\firebase-functions\\\\lib\\\\index.js\"}"}}
[debug] [2021-06-02T22:36:20.474Z] [runtime-status] [20128] Checked functions.config() {"config":{}} {"metadata":{"emulator":{"name":"functions"},"message":"[runtime-status] [20128] Checked functions.config() {\"config\":{}}"}}
[debug] [2021-06-02T22:36:20.475Z] [runtime-status] [20128] firebase-functions has been stubbed. {"functionsResolution":{"declared":true,"installed":true,"version":"3.14.1","resolution":"D:\\Github\\waik-hu\\functions\\node_modules\\firebase-functions\\lib\\index.js"}} {"metadata":{"emulator":{"name":"functions"},"message":"[runtime-status] [20128] firebase-functions has been stubbed. {\"functionsResolution\":{\"declared\":true,\"installed\":true,\"version\":\"3.14.1\",\"resolution\":\"D:\\\\Github\\\\waik-hu\\\\functions\\\\node_modules\\\\firebase-functions\\\\lib\\\\index.js\"}}"}}
[debug] [2021-06-02T22:36:20.476Z] [runtime-status] [20128] Resolved module firebase-functions {"declared":true,"installed":true,"version":"3.14.1","resolution":"D:\\Github\\waik-hu\\functions\\node_modules\\firebase-functions\\lib\\index.js"} {"metadata":{"emulator":{"name":"functions"},"message":"[runtime-status] [20128] Resolved module firebase-functions {\"declared\":true,\"installed\":true,\"version\":\"3.14.1\",\"resolution\":\"D:\\\\Github\\\\waik-hu\\\\functions\\\\node_modules\\\\firebase-functions\\\\lib\\\\index.js\"}"}}
[debug] [2021-06-02T22:36:20.479Z] [runtime-status] [20128] Resolved module firebase-admin {"declared":true,"installed":true,"version":"9.9.0","resolution":"D:\\Github\\waik-hu\\functions\\node_modules\\firebase-admin\\lib\\index.js"} {"metadata":{"emulator":{"name":"functions"},"message":"[runtime-status] [20128] Resolved module firebase-admin {\"declared\":true,\"installed\":true,\"version\":\"9.9.0\",\"resolution\":\"D:\\\\Github\\\\waik-hu\\\\functions\\\\node_modules\\\\firebase-admin\\\\lib\\\\index.js\"}"}}
[debug] [2021-06-02T22:36:20.480Z] [runtime-status] [20128] Resolved module firebase-functions {"declared":true,"installed":true,"version":"3.14.1","resolution":"D:\\Github\\waik-hu\\functions\\node_modules\\firebase-functions\\lib\\index.js"} {"metadata":{"emulator":{"name":"functions"},"message":"[runtime-status] [20128] Resolved module firebase-functions {\"declared\":true,\"installed\":true,\"version\":\"3.14.1\",\"resolution\":\"D:\\\\Github\\\\waik-hu\\\\functions\\\\node_modules\\\\firebase-functions\\\\lib\\\\index.js\"}"}}
[debug] [2021-06-02T22:36:20.480Z] [runtime-status] [20128] firebase-admin has been stubbed. {"adminResolution":{"declared":true,"installed":true,"version":"9.9.0","resolution":"D:\\Github\\waik-hu\\functions\\node_modules\\firebase-admin\\lib\\index.js"}} {"metadata":{"emulator":{"name":"functions"},"message":"[runtime-status] [20128] firebase-admin has been stubbed. {\"adminResolution\":{\"declared\":true,\"installed\":true,\"version\":\"9.9.0\",\"resolution\":\"D:\\\\Github\\\\waik-hu\\\\functions\\\\node_modules\\\\firebase-admin\\\\lib\\\\index.js\"}}"}}
[debug] [2021-06-02T22:36:20.493Z] [worker-~diagnostic~-465c477c-af67-4718-aaa5-96a0ea3e8dc7]: IDLE {"metadata":{"emulator":{"name":"functions"},"message":"[worker-~diagnostic~-465c477c-af67-4718-aaa5-96a0ea3e8dc7]: IDLE"}}
[debug] [2021-06-02T22:36:20.595Z] File D:\Github\waik-hu\functions\src\index.ts changed, reloading triggers {"metadata":{"emulator":{"name":"functions"},"message":"File D:\\Github\\waik-hu\\functions\\src\\index.ts changed, reloading triggers"}}
[debug] [2021-06-02T22:36:21.090Z] File D:\Github\waik-hu\functions\lib\index.js.map changed, reloading triggers {"metadata":{"emulator":{"name":"functions"},"message":"File D:\\Github\\waik-hu\\functions\\lib\\index.js.map changed, reloading triggers"}}
[debug] [2021-06-02T22:36:21.093Z] File D:\Github\waik-hu\functions\lib\index.js changed, reloading triggers {"metadata":{"emulator":{"name":"functions"},"message":"File D:\\Github\\waik-hu\\functions\\lib\\index.js changed, reloading triggers"}}
[debug] [2021-06-02T22:36:22.095Z] [worker-pool] Shutting down IDLE worker (~diagnostic~) {"metadata":{"emulator":{"name":"functions"},"message":"[worker-pool] Shutting down IDLE worker (~diagnostic~)"}}
[debug] [2021-06-02T22:36:22.095Z] [worker-~diagnostic~-465c477c-af67-4718-aaa5-96a0ea3e8dc7]: FINISHING {"metadata":{"emulator":{"name":"functions"},"message":"[worker-~diagnostic~-465c477c-af67-4718-aaa5-96a0ea3e8dc7]: FINISHING"}}
[debug] [2021-06-02T22:36:22.096Z] [worker-pool] Cleaned up workers for ~diagnostic~: 2 --> 1 {"metadata":{"emulator":{"name":"functions"},"message":"[worker-pool] Cleaned up workers for ~diagnostic~: 2 --> 1"}}
[debug] [2021-06-02T22:36:22.110Z] [worker-pool] addWorker(~diagnostic~) {"metadata":{"emulator":{"name":"functions"},"message":"[worker-pool] addWorker(~diagnostic~)"}}
[debug] [2021-06-02T22:36:22.110Z] [worker-pool] Adding worker with key ~diagnostic~, total=2 {"metadata":{"emulator":{"name":"functions"},"message":"[worker-pool] Adding worker with key ~diagnostic~, total=2"}}
[debug] [2021-06-02T22:36:22.110Z] [worker-pool] submitWork(triggerId=) {"metadata":{"emulator":{"name":"functions"},"message":"[worker-pool] submitWork(triggerId=)"}}
[debug] [2021-06-02T22:36:22.110Z] [worker-~diagnostic~-cabf8a3e-633f-4bda-9ae3-cea30324d45f]: Assigning socketPath: \\?\pipe\D:\Github\waik-hu\functions\11984 {"metadata":{"emulator":{"name":"functions"},"message":"[worker-~diagnostic~-cabf8a3e-633f-4bda-9ae3-cea30324d45f]: Assigning socketPath: \\\\?\\pipe\\D:\\Github\\waik-hu\\functions\\11984"}}
[debug] [2021-06-02T22:36:22.111Z] [worker-~diagnostic~-cabf8a3e-633f-4bda-9ae3-cea30324d45f]: BUSY {"metadata":{"emulator":{"name":"functions"},"message":"[worker-~diagnostic~-cabf8a3e-633f-4bda-9ae3-cea30324d45f]: BUSY"}}
[debug] [2021-06-02T22:36:22.111Z] [worker-~diagnostic~-465c477c-af67-4718-aaa5-96a0ea3e8dc7]: exited {"metadata":{"emulator":{"name":"functions"},"message":"[worker-~diagnostic~-465c477c-af67-4718-aaa5-96a0ea3e8dc7]: exited"}}
[debug] [2021-06-02T22:36:22.111Z] [worker-~diagnostic~-465c477c-af67-4718-aaa5-96a0ea3e8dc7]: FINISHED {"metadata":{"emulator":{"name":"functions"},"message":"[worker-~diagnostic~-465c477c-af67-4718-aaa5-96a0ea3e8dc7]: FINISHED"}}
[debug] [2021-06-02T22:36:22.715Z] [runtime-status] [11984] Functions runtime initialized. {"cwd":"D:\\Github\\waik-hu\\functions","node_version":"15.14.0"} {"metadata":{"emulator":{"name":"functions"},"message":"[runtime-status] [11984] Functions runtime initialized. {\"cwd\":\"D:\\\\Github\\\\waik-hu\\\\functions\",\"node_version\":\"15.14.0\"}"}}
[debug] [2021-06-02T22:36:22.717Z] [runtime-status] [11984] Disabled runtime features: undefined {"metadata":{"emulator":{"name":"functions"},"message":"[runtime-status] [11984] Disabled runtime features: undefined"}}
[debug] [2021-06-02T22:36:22.726Z] [runtime-status] [11984] Resolved module firebase-admin {"declared":true,"installed":true,"version":"9.9.0","resolution":"D:\\Github\\waik-hu\\functions\\node_modules\\firebase-admin\\lib\\index.js"} {"metadata":{"emulator":{"name":"functions"},"message":"[runtime-status] [11984] Resolved module firebase-admin {\"declared\":true,\"installed\":true,\"version\":\"9.9.0\",\"resolution\":\"D:\\\\Github\\\\waik-hu\\\\functions\\\\node_modules\\\\firebase-admin\\\\lib\\\\index.js\"}"}}
[debug] [2021-06-02T22:36:22.733Z] [runtime-status] [11984] Resolved module firebase-functions {"declared":true,"installed":true,"version":"3.14.1","resolution":"D:\\Github\\waik-hu\\functions\\node_modules\\firebase-functions\\lib\\index.js"} {"metadata":{"emulator":{"name":"functions"},"message":"[runtime-status] [11984] Resolved module firebase-functions {\"declared\":true,\"installed\":true,\"version\":\"3.14.1\",\"resolution\":\"D:\\\\Github\\\\waik-hu\\\\functions\\\\node_modules\\\\firebase-functions\\\\lib\\\\index.js\"}"}}
[debug] [2021-06-02T22:36:22.736Z] [runtime-status] [11984] Resolved module firebase-functions {"declared":true,"installed":true,"version":"3.14.1","resolution":"D:\\Github\\waik-hu\\functions\\node_modules\\firebase-functions\\lib\\index.js"} {"metadata":{"emulator":{"name":"functions"},"message":"[runtime-status] [11984] Resolved module firebase-functions {\"declared\":true,\"installed\":true,\"version\":\"3.14.1\",\"resolution\":\"D:\\\\Github\\\\waik-hu\\\\functions\\\\node_modules\\\\firebase-functions\\\\lib\\\\index.js\"}"}}
[debug] [2021-06-02T22:36:22.739Z] [runtime-status] [11984] Outgoing network have been stubbed. [{"name":"http","status":"mocked"},{"name":"http","status":"mocked"},{"name":"https","status":"mocked"},{"name":"https","status":"mocked"},{"name":"net","status":"mocked"}] {"metadata":{"emulator":{"name":"functions"},"message":"[runtime-status] [11984] Outgoing network have been stubbed. [{\"name\":\"http\",\"status\":\"mocked\"},{\"name\":\"http\",\"status\":\"mocked\"},{\"name\":\"https\",\"status\":\"mocked\"},{\"name\":\"https\",\"status\":\"mocked\"},{\"name\":\"net\",\"status\":\"mocked\"}]"}}
[debug] [2021-06-02T22:36:22.740Z] [runtime-status] [11984] Resolved module firebase-functions {"declared":true,"installed":true,"version":"3.14.1","resolution":"D:\\Github\\waik-hu\\functions\\node_modules\\firebase-functions\\lib\\index.js"} {"metadata":{"emulator":{"name":"functions"},"message":"[runtime-status] [11984] Resolved module firebase-functions {\"declared\":true,\"installed\":true,\"version\":\"3.14.1\",\"resolution\":\"D:\\\\Github\\\\waik-hu\\\\functions\\\\node_modules\\\\firebase-functions\\\\lib\\\\index.js\"}"}}
[debug] [2021-06-02T22:36:22.858Z] [runtime-status] [11984] Checked functions.config() {"config":{}} {"metadata":{"emulator":{"name":"functions"},"message":"[runtime-status] [11984] Checked functions.config() {\"config\":{}}"}}
[debug] [2021-06-02T22:36:22.859Z] [runtime-status] [11984] firebase-functions has been stubbed. {"functionsResolution":{"declared":true,"installed":true,"version":"3.14.1","resolution":"D:\\Github\\waik-hu\\functions\\node_modules\\firebase-functions\\lib\\index.js"}} {"metadata":{"emulator":{"name":"functions"},"message":"[runtime-status] [11984] firebase-functions has been stubbed. {\"functionsResolution\":{\"declared\":true,\"installed\":true,\"version\":\"3.14.1\",\"resolution\":\"D:\\\\Github\\\\waik-hu\\\\functions\\\\node_modules\\\\firebase-functions\\\\lib\\\\index.js\"}}"}}
[debug] [2021-06-02T22:36:22.861Z] [runtime-status] [11984] Resolved module firebase-functions {"declared":true,"installed":true,"version":"3.14.1","resolution":"D:\\Github\\waik-hu\\functions\\node_modules\\firebase-functions\\lib\\index.js"} {"metadata":{"emulator":{"name":"functions"},"message":"[runtime-status] [11984] Resolved module firebase-functions {\"declared\":true,\"installed\":true,\"version\":\"3.14.1\",\"resolution\":\"D:\\\\Github\\\\waik-hu\\\\functions\\\\node_modules\\\\firebase-functions\\\\lib\\\\index.js\"}"}}
[debug] [2021-06-02T22:36:22.866Z] [runtime-status] [11984] Resolved module firebase-admin {"declared":true,"installed":true,"version":"9.9.0","resolution":"D:\\Github\\waik-hu\\functions\\node_modules\\firebase-admin\\lib\\index.js"} {"metadata":{"emulator":{"name":"functions"},"message":"[runtime-status] [11984] Resolved module firebase-admin {\"declared\":true,\"installed\":true,\"version\":\"9.9.0\",\"resolution\":\"D:\\\\Github\\\\waik-hu\\\\functions\\\\node_modules\\\\firebase-admin\\\\lib\\\\index.js\"}"}}
[debug] [2021-06-02T22:36:22.867Z] [runtime-status] [11984] Resolved module firebase-functions {"declared":true,"installed":true,"version":"3.14.1","resolution":"D:\\Github\\waik-hu\\functions\\node_modules\\firebase-functions\\lib\\index.js"} {"metadata":{"emulator":{"name":"functions"},"message":"[runtime-status] [11984] Resolved module firebase-functions {\"declared\":true,\"installed\":true,\"version\":\"3.14.1\",\"resolution\":\"D:\\\\Github\\\\waik-hu\\\\functions\\\\node_modules\\\\firebase-functions\\\\lib\\\\index.js\"}"}}
[debug] [2021-06-02T22:36:22.868Z] [runtime-status] [11984] firebase-admin has been stubbed. {"adminResolution":{"declared":true,"installed":true,"version":"9.9.0","resolution":"D:\\Github\\waik-hu\\functions\\node_modules\\firebase-admin\\lib\\index.js"}} {"metadata":{"emulator":{"name":"functions"},"message":"[runtime-status] [11984] firebase-admin has been stubbed. {\"adminResolution\":{\"declared\":true,\"installed\":true,\"version\":\"9.9.0\",\"resolution\":\"D:\\\\Github\\\\waik-hu\\\\functions\\\\node_modules\\\\firebase-admin\\\\lib\\\\index.js\"}}"}}
[debug] [2021-06-02T22:36:22.884Z] [worker-~diagnostic~-cabf8a3e-633f-4bda-9ae3-cea30324d45f]: IDLE {"metadata":{"emulator":{"name":"functions"},"message":"[worker-~diagnostic~-cabf8a3e-633f-4bda-9ae3-cea30324d45f]: IDLE"}}
[debug] [2021-06-02T22:37:19.504Z] File D:\Github\waik-hu\functions\src\index.ts changed, reloading triggers {"metadata":{"emulator":{"name":"functions"},"message":"File D:\\Github\\waik-hu\\functions\\src\\index.ts changed, reloading triggers"}}
[debug] [2021-06-02T22:37:19.868Z] File D:\Github\waik-hu\functions\lib\index.js.map changed, reloading triggers {"metadata":{"emulator":{"name":"functions"},"message":"File D:\\Github\\waik-hu\\functions\\lib\\index.js.map changed, reloading triggers"}}
[debug] [2021-06-02T22:37:19.869Z] File D:\Github\waik-hu\functions\lib\index.js changed, reloading triggers {"metadata":{"emulator":{"name":"functions"},"message":"File D:\\Github\\waik-hu\\functions\\lib\\index.js changed, reloading triggers"}}
[debug] [2021-06-02T22:37:20.876Z] [worker-pool] Shutting down IDLE worker (~diagnostic~) {"metadata":{"emulator":{"name":"functions"},"message":"[worker-pool] Shutting down IDLE worker (~diagnostic~)"}}
[debug] [2021-06-02T22:37:20.876Z] [worker-~diagnostic~-cabf8a3e-633f-4bda-9ae3-cea30324d45f]: FINISHING {"metadata":{"emulator":{"name":"functions"},"message":"[worker-~diagnostic~-cabf8a3e-633f-4bda-9ae3-cea30324d45f]: FINISHING"}}
[debug] [2021-06-02T22:37:20.877Z] [worker-pool] Cleaned up workers for ~diagnostic~: 2 --> 1 {"metadata":{"emulator":{"name":"functions"},"message":"[worker-pool] Cleaned up workers for ~diagnostic~: 2 --> 1"}}
[debug] [2021-06-02T22:37:20.885Z] [worker-pool] addWorker(~diagnostic~) {"metadata":{"emulator":{"name":"functions"},"message":"[worker-pool] addWorker(~diagnostic~)"}}
[debug] [2021-06-02T22:37:20.885Z] [worker-pool] Adding worker with key ~diagnostic~, total=2 {"metadata":{"emulator":{"name":"functions"},"message":"[worker-pool] Adding worker with key ~diagnostic~, total=2"}}
[debug] [2021-06-02T22:37:20.885Z] [worker-pool] submitWork(triggerId=) {"metadata":{"emulator":{"name":"functions"},"message":"[worker-pool] submitWork(triggerId=)"}}
[debug] [2021-06-02T22:37:20.885Z] [worker-~diagnostic~-d911fb5d-241a-4adb-9fad-65eaaa8800ca]: Assigning socketPath: \\?\pipe\D:\Github\waik-hu\functions\684 {"metadata":{"emulator":{"name":"functions"},"message":"[worker-~diagnostic~-d911fb5d-241a-4adb-9fad-65eaaa8800ca]: Assigning socketPath: \\\\?\\pipe\\D:\\Github\\waik-hu\\functions\\684"}}
[debug] [2021-06-02T22:37:20.885Z] [worker-~diagnostic~-d911fb5d-241a-4adb-9fad-65eaaa8800ca]: BUSY {"metadata":{"emulator":{"name":"functions"},"message":"[worker-~diagnostic~-d911fb5d-241a-4adb-9fad-65eaaa8800ca]: BUSY"}}
[debug] [2021-06-02T22:37:20.886Z] [worker-~diagnostic~-cabf8a3e-633f-4bda-9ae3-cea30324d45f]: exited {"metadata":{"emulator":{"name":"functions"},"message":"[worker-~diagnostic~-cabf8a3e-633f-4bda-9ae3-cea30324d45f]: exited"}}
[debug] [2021-06-02T22:37:20.886Z] [worker-~diagnostic~-cabf8a3e-633f-4bda-9ae3-cea30324d45f]: FINISHED {"metadata":{"emulator":{"name":"functions"},"message":"[worker-~diagnostic~-cabf8a3e-633f-4bda-9ae3-cea30324d45f]: FINISHED"}}
[debug] [2021-06-02T22:37:21.165Z] [runtime-status] [684] Functions runtime initialized. {"cwd":"D:\\Github\\waik-hu\\functions","node_version":"15.14.0"} {"metadata":{"emulator":{"name":"functions"},"message":"[runtime-status] [684] Functions runtime initialized. {\"cwd\":\"D:\\\\Github\\\\waik-hu\\\\functions\",\"node_version\":\"15.14.0\"}"}}
[debug] [2021-06-02T22:37:21.167Z] [runtime-status] [684] Disabled runtime features: undefined {"metadata":{"emulator":{"name":"functions"},"message":"[runtime-status] [684] Disabled runtime features: undefined"}}
[debug] [2021-06-02T22:37:21.173Z] [runtime-status] [684] Resolved module firebase-admin {"declared":true,"installed":true,"version":"9.9.0","resolution":"D:\\Github\\waik-hu\\functions\\node_modules\\firebase-admin\\lib\\index.js"} {"metadata":{"emulator":{"name":"functions"},"message":"[runtime-status] [684] Resolved module firebase-admin {\"declared\":true,\"installed\":true,\"version\":\"9.9.0\",\"resolution\":\"D:\\\\Github\\\\waik-hu\\\\functions\\\\node_modules\\\\firebase-admin\\\\lib\\\\index.js\"}"}}
[debug] [2021-06-02T22:37:21.179Z] [runtime-status] [684] Resolved module firebase-functions {"declared":true,"installed":true,"version":"3.14.1","resolution":"D:\\Github\\waik-hu\\functions\\node_modules\\firebase-functions\\lib\\index.js"} {"metadata":{"emulator":{"name":"functions"},"message":"[runtime-status] [684] Resolved module firebase-functions {\"declared\":true,\"installed\":true,\"version\":\"3.14.1\",\"resolution\":\"D:\\\\Github\\\\waik-hu\\\\functions\\\\node_modules\\\\firebase-functions\\\\lib\\\\index.js\"}"}}
[debug] [2021-06-02T22:37:21.181Z] [runtime-status] [684] Resolved module firebase-functions {"declared":true,"installed":true,"version":"3.14.1","resolution":"D:\\Github\\waik-hu\\functions\\node_modules\\firebase-functions\\lib\\index.js"} {"metadata":{"emulator":{"name":"functions"},"message":"[runtime-status] [684] Resolved module firebase-functions {\"declared\":true,\"installed\":true,\"version\":\"3.14.1\",\"resolution\":\"D:\\\\Github\\\\waik-hu\\\\functions\\\\node_modules\\\\firebase-functions\\\\lib\\\\index.js\"}"}}
[debug] [2021-06-02T22:37:21.183Z] [runtime-status] [684] Outgoing network have been stubbed. [{"name":"http","status":"mocked"},{"name":"http","status":"mocked"},{"name":"https","status":"mocked"},{"name":"https","status":"mocked"},{"name":"net","status":"mocked"}] {"metadata":{"emulator":{"name":"functions"},"message":"[runtime-status] [684] Outgoing network have been stubbed. [{\"name\":\"http\",\"status\":\"mocked\"},{\"name\":\"http\",\"status\":\"mocked\"},{\"name\":\"https\",\"status\":\"mocked\"},{\"name\":\"https\",\"status\":\"mocked\"},{\"name\":\"net\",\"status\":\"mocked\"}]"}}
[debug] [2021-06-02T22:37:21.186Z] [runtime-status] [684] Resolved module firebase-functions {"declared":true,"installed":true,"version":"3.14.1","resolution":"D:\\Github\\waik-hu\\functions\\node_modules\\firebase-functions\\lib\\index.js"} {"metadata":{"emulator":{"name":"functions"},"message":"[runtime-status] [684] Resolved module firebase-functions {\"declared\":true,\"installed\":true,\"version\":\"3.14.1\",\"resolution\":\"D:\\\\Github\\\\waik-hu\\\\functions\\\\node_modules\\\\firebase-functions\\\\lib\\\\index.js\"}"}}
[debug] [2021-06-02T22:37:21.278Z] [runtime-status] [684] Checked functions.config() {"config":{}} {"metadata":{"emulator":{"name":"functions"},"message":"[runtime-status] [684] Checked functions.config() {\"config\":{}}"}}
[debug] [2021-06-02T22:37:21.279Z] [runtime-status] [684] firebase-functions has been stubbed. {"functionsResolution":{"declared":true,"installed":true,"version":"3.14.1","resolution":"D:\\Github\\waik-hu\\functions\\node_modules\\firebase-functions\\lib\\index.js"}} {"metadata":{"emulator":{"name":"functions"},"message":"[runtime-status] [684] firebase-functions has been stubbed. {\"functionsResolution\":{\"declared\":true,\"installed\":true,\"version\":\"3.14.1\",\"resolution\":\"D:\\\\Github\\\\waik-hu\\\\functions\\\\node_modules\\\\firebase-functions\\\\lib\\\\index.js\"}}"}}
[debug] [2021-06-02T22:37:21.280Z] [runtime-status] [684] Resolved module firebase-functions {"declared":true,"installed":true,"version":"3.14.1","resolution":"D:\\Github\\waik-hu\\functions\\node_modules\\firebase-functions\\lib\\index.js"} {"metadata":{"emulator":{"name":"functions"},"message":"[runtime-status] [684] Resolved module firebase-functions {\"declared\":true,\"installed\":true,\"version\":\"3.14.1\",\"resolution\":\"D:\\\\Github\\\\waik-hu\\\\functions\\\\node_modules\\\\firebase-functions\\\\lib\\\\index.js\"}"}}
[debug] [2021-06-02T22:37:21.281Z] [runtime-status] [684] Resolved module firebase-admin {"declared":true,"installed":true,"version":"9.9.0","resolution":"D:\\Github\\waik-hu\\functions\\node_modules\\firebase-admin\\lib\\index.js"} {"metadata":{"emulator":{"name":"functions"},"message":"[runtime-status] [684] Resolved module firebase-admin {\"declared\":true,\"installed\":true,\"version\":\"9.9.0\",\"resolution\":\"D:\\\\Github\\\\waik-hu\\\\functions\\\\node_modules\\\\firebase-admin\\\\lib\\\\index.js\"}"}}
[debug] [2021-06-02T22:37:21.282Z] [runtime-status] [684] Resolved module firebase-functions {"declared":true,"installed":true,"version":"3.14.1","resolution":"D:\\Github\\waik-hu\\functions\\node_modules\\firebase-functions\\lib\\index.js"} {"metadata":{"emulator":{"name":"functions"},"message":"[runtime-status] [684] Resolved module firebase-functions {\"declared\":true,\"installed\":true,\"version\":\"3.14.1\",\"resolution\":\"D:\\\\Github\\\\waik-hu\\\\functions\\\\node_modules\\\\firebase-functions\\\\lib\\\\index.js\"}"}}
[debug] [2021-06-02T22:37:21.283Z] [runtime-status] [684] firebase-admin has been stubbed. {"adminResolution":{"declared":true,"installed":true,"version":"9.9.0","resolution":"D:\\Github\\waik-hu\\functions\\node_modules\\firebase-admin\\lib\\index.js"}} {"metadata":{"emulator":{"name":"functions"},"message":"[runtime-status] [684] firebase-admin has been stubbed. {\"adminResolution\":{\"declared\":true,\"installed\":true,\"version\":\"9.9.0\",\"resolution\":\"D:\\\\Github\\\\waik-hu\\\\functions\\\\node_modules\\\\firebase-admin\\\\lib\\\\index.js\"}}"}}
[debug] [2021-06-02T22:37:21.292Z] [worker-~diagnostic~-d911fb5d-241a-4adb-9fad-65eaaa8800ca]: IDLE {"metadata":{"emulator":{"name":"functions"},"message":"[worker-~diagnostic~-d911fb5d-241a-4adb-9fad-65eaaa8800ca]: IDLE"}}
